2023-11-24 08:08:20,413 -  ！！！！！！！！！！！！！！！！！！！！！！！！！！！！！！！！！！！！！！！！！！！！！！！！！！！！！！！！！！！！！！！！！！！！！！！！！！！！！！！！！！！！！！！！
2023-11-24 08:08:28,322 -  Traceback (most recent call last):
  File "C:\Users\78381\Desktop\夕慕鋼圓埃\newblcuLib\reserve.py", line 372, in main
    quitTry=AutoLockDesk(userConfig)
  File "C:\Users\78381\Desktop\夕慕鋼圓埃\newblcuLib\reserve.py", line 222, in AutoLockDesk
    session,cookies,token,accNo=loginReturnSession(userConfig['username'],userConfig['password'])
  File "C:\Users\78381\Desktop\夕慕鋼圓埃\newblcuLib\reserve.py", line 34, in loginReturnSession
    username = WAIT.until(EC.presence_of_element_located((By.XPATH, '/html/body/div/div/div/div/div/div[2]/div[1]/div/div[1]/div[2]/input')))
  File "C:\Users\78381\anaconda3\lib\site-packages\selenium\webdriver\support\wait.py", line 101, in until
    raise TimeoutException(message, screen, stacktrace)
selenium.common.exceptions.TimeoutException: Message: 
Stacktrace:
	GetHandleVerifier [0x002672A3+45731]
	(No symbol) [0x001F2D51]
	(No symbol) [0x000E880D]
	(No symbol) [0x0011B940]
	(No symbol) [0x0011BE0B]
	(No symbol) [0x0014D1F2]
	(No symbol) [0x00138024]
	(No symbol) [0x0014B7A2]
	(No symbol) [0x00137DD6]
	(No symbol) [0x001131F6]
	(No symbol) [0x0011439D]
	GetHandleVerifier [0x00570716+3229462]
	GetHandleVerifier [0x005B84C8+3523784]
	GetHandleVerifier [0x005B214C+3498316]
	GetHandleVerifier [0x002F1680+611968]
	(No symbol) [0x001FCCCC]
	(No symbol) [0x001F8DF8]
	(No symbol) [0x001F8F1D]
	(No symbol) [0x001EB2C7]
	BaseThreadInitThunk [0x755C7BA9+25]
	RtlInitializeExceptionChain [0x76FBBD2B+107]
	RtlClearBits [0x76FBBCAF+191]
	(No symbol) [0x00000000]


2023-11-24 08:08:30,355 -  ！！！！！！！！！！！！！！！！！！！！！！！！！！！！！！！！！！！！！！！！！！！！！！！！！！！！！！！！！！！！！！！！！！！！！！！！！！！！！！！！！！！！！！！！
2023-11-24 08:09:12,506 -  ！！！！！！！！！！！！！！！！！！！！！！！！！！！！！！！！！！！！！！！！！！！！！！！！！！！！！！！！！！！！！！！！！！！！！！！！！！！！！！！！！！！！！！！！
2023-11-24 08:09:15,075 -  Traceback (most recent call last):
  File "C:\Users\78381\Desktop\夕慕鋼圓埃\newblcuLib\reserve.py", line 376, in main
    quitTry=AutoLockDesk(userConfig)
  File "C:\Users\78381\Desktop\夕慕鋼圓埃\newblcuLib\reserve.py", line 226, in AutoLockDesk
    session,cookies,token,accNo=loginReturnSession(userConfig['username'],userConfig['password'])
  File "C:\Users\78381\Desktop\夕慕鋼圓埃\newblcuLib\reserve.py", line 34, in loginReturnSession
    driver = webdriver.Edge(options=options,service=s)
  File "C:\Users\78381\anaconda3\lib\site-packages\selenium\webdriver\edge\webdriver.py", line 45, in __init__
    super().__init__(
  File "C:\Users\78381\anaconda3\lib\site-packages\selenium\webdriver\chromium\webdriver.py", line 56, in __init__
    super().__init__(
  File "C:\Users\78381\anaconda3\lib\site-packages\selenium\webdriver\remote\webdriver.py", line 208, in __init__
    self.start_session(capabilities)
  File "C:\Users\78381\anaconda3\lib\site-packages\selenium\webdriver\remote\webdriver.py", line 292, in start_session
    response = self.execute(Command.NEW_SESSION, caps)["value"]
  File "C:\Users\78381\anaconda3\lib\site-packages\selenium\webdriver\remote\webdriver.py", line 347, in execute
    self.error_handler.check_response(response)
  File "C:\Users\78381\anaconda3\lib\site-packages\selenium\webdriver\remote\errorhandler.py", line 229, in check_response
    raise exception_class(message, screen, stacktrace)
selenium.common.exceptions.InvalidArgumentException: Message: invalid argument: cannot parse capability: goog:chromeOptions
from invalid argument: cannot parse mobileEmulation
from invalid argument: 'iPhone 12' must be a valid device
from unknown error: must be a valid device
Stacktrace:
	GetHandleVerifier [0x002672A3+45731]
	(No symbol) [0x001F2D51]
	(No symbol) [0x000E880D]
	(No symbol) [0x000E1B8A]
	(No symbol) [0x00109428]
	(No symbol) [0x0010725A]
	(No symbol) [0x001099F0]
	(No symbol) [0x00104B6E]
	(No symbol) [0x001099F0]
	(No symbol) [0x0010295F]
	(No symbol) [0x0013D9B2]
	(No symbol) [0x0013D668]
	(No symbol) [0x0013E86A]
	(No symbol) [0x0013E6BC]
	(No symbol) [0x00137DD6]
	(No symbol) [0x001131F6]
	(No symbol) [0x0011439D]
	GetHandleVerifier [0x00570716+3229462]
	GetHandleVerifier [0x005B84C8+3523784]
	GetHandleVerifier [0x005B214C+3498316]
	GetHandleVerifier [0x002F1680+611968]
	(No symbol) [0x001FCCCC]
	(No symbol) [0x001F8DF8]
	(No symbol) [0x001F8F1D]
	(No symbol) [0x001EB2C7]
	BaseThreadInitThunk [0x755C7BA9+25]
	RtlInitializeExceptionChain [0x76FBBD2B+107]
	RtlClearBits [0x76FBBCAF+191]
	(No symbol) [0x00000000]


2023-11-24 08:09:19,154 -  ！！！！！！！！！！！！！！！！！！！！！！！！！！！！！！！！！！！！！！！！！！！！！！！！！！！！！！！！！！！！！！！！！！！！！！！！！！！！！！！！！！！！！！！！
2023-11-24 08:09:21,728 -  Traceback (most recent call last):
  File "C:\Users\78381\Desktop\夕慕鋼圓埃\newblcuLib\reserve.py", line 376, in main
    quitTry=AutoLockDesk(userConfig)
  File "C:\Users\78381\Desktop\夕慕鋼圓埃\newblcuLib\reserve.py", line 226, in AutoLockDesk
    session,cookies,token,accNo=loginReturnSession(userConfig['username'],userConfig['password'])
  File "C:\Users\78381\Desktop\夕慕鋼圓埃\newblcuLib\reserve.py", line 34, in loginReturnSession
    driver = webdriver.Edge(options=options,service=s)
  File "C:\Users\78381\anaconda3\lib\site-packages\selenium\webdriver\edge\webdriver.py", line 45, in __init__
    super().__init__(
  File "C:\Users\78381\anaconda3\lib\site-packages\selenium\webdriver\chromium\webdriver.py", line 56, in __init__
    super().__init__(
  File "C:\Users\78381\anaconda3\lib\site-packages\selenium\webdriver\remote\webdriver.py", line 208, in __init__
    self.start_session(capabilities)
  File "C:\Users\78381\anaconda3\lib\site-packages\selenium\webdriver\remote\webdriver.py", line 292, in start_session
    response = self.execute(Command.NEW_SESSION, caps)["value"]
  File "C:\Users\78381\anaconda3\lib\site-packages\selenium\webdriver\remote\webdriver.py", line 347, in execute
    self.error_handler.check_response(response)
  File "C:\Users\78381\anaconda3\lib\site-packages\selenium\webdriver\remote\errorhandler.py", line 229, in check_response
    raise exception_class(message, screen, stacktrace)
selenium.common.exceptions.InvalidArgumentException: Message: invalid argument: cannot parse capability: goog:chromeOptions
from invalid argument: cannot parse mobileEmulation
from invalid argument: 'iPhone 12' must be a valid device
from unknown error: must be a valid device
Stacktrace:
	GetHandleVerifier [0x002672A3+45731]
	(No symbol) [0x001F2D51]
	(No symbol) [0x000E880D]
	(No symbol) [0x000E1B8A]
	(No symbol) [0x00109428]
	(No symbol) [0x0010725A]
	(No symbol) [0x001099F0]
	(No symbol) [0x00104B6E]
	(No symbol) [0x001099F0]
	(No symbol) [0x0010295F]
	(No symbol) [0x0013D9B2]
	(No symbol) [0x0013D668]
	(No symbol) [0x0013E86A]
	(No symbol) [0x0013E6BC]
	(No symbol) [0x00137DD6]
	(No symbol) [0x001131F6]
	(No symbol) [0x0011439D]
	GetHandleVerifier [0x00570716+3229462]
	GetHandleVerifier [0x005B84C8+3523784]
	GetHandleVerifier [0x005B214C+3498316]
	GetHandleVerifier [0x002F1680+611968]
	(No symbol) [0x001FCCCC]
	(No symbol) [0x001F8DF8]
	(No symbol) [0x001F8F1D]
	(No symbol) [0x001EB2C7]
	BaseThreadInitThunk [0x755C7BA9+25]
	RtlInitializeExceptionChain [0x76FBBD2B+107]
	RtlClearBits [0x76FBBCAF+191]
	(No symbol) [0x00000000]


2023-11-24 08:09:25,783 -  ！！！！！！！！！！！！！！！！！！！！！！！！！！！！！！！！！！！！！！！！！！！！！！！！！！！！！！！！！！！！！！！！！！！！！！！！！！！！！！！！！！！！！！！！
2023-11-24 08:09:28,339 -  Traceback (most recent call last):
  File "C:\Users\78381\Desktop\夕慕鋼圓埃\newblcuLib\reserve.py", line 376, in main
    quitTry=AutoLockDesk(userConfig)
  File "C:\Users\78381\Desktop\夕慕鋼圓埃\newblcuLib\reserve.py", line 226, in AutoLockDesk
    session,cookies,token,accNo=loginReturnSession(userConfig['username'],userConfig['password'])
  File "C:\Users\78381\Desktop\夕慕鋼圓埃\newblcuLib\reserve.py", line 34, in loginReturnSession
    driver = webdriver.Edge(options=options,service=s)
  File "C:\Users\78381\anaconda3\lib\site-packages\selenium\webdriver\edge\webdriver.py", line 45, in __init__
    super().__init__(
  File "C:\Users\78381\anaconda3\lib\site-packages\selenium\webdriver\chromium\webdriver.py", line 56, in __init__
    super().__init__(
  File "C:\Users\78381\anaconda3\lib\site-packages\selenium\webdriver\remote\webdriver.py", line 208, in __init__
    self.start_session(capabilities)
  File "C:\Users\78381\anaconda3\lib\site-packages\selenium\webdriver\remote\webdriver.py", line 292, in start_session
    response = self.execute(Command.NEW_SESSION, caps)["value"]
  File "C:\Users\78381\anaconda3\lib\site-packages\selenium\webdriver\remote\webdriver.py", line 347, in execute
    self.error_handler.check_response(response)
  File "C:\Users\78381\anaconda3\lib\site-packages\selenium\webdriver\remote\errorhandler.py", line 229, in check_response
    raise exception_class(message, screen, stacktrace)
selenium.common.exceptions.InvalidArgumentException: Message: invalid argument: cannot parse capability: goog:chromeOptions
from invalid argument: cannot parse mobileEmulation
from invalid argument: 'iPhone 12' must be a valid device
from unknown error: must be a valid device
Stacktrace:
	GetHandleVerifier [0x002672A3+45731]
	(No symbol) [0x001F2D51]
	(No symbol) [0x000E880D]
	(No symbol) [0x000E1B8A]
	(No symbol) [0x00109428]
	(No symbol) [0x0010725A]
	(No symbol) [0x001099F0]
	(No symbol) [0x00104B6E]
	(No symbol) [0x001099F0]
	(No symbol) [0x0010295F]
	(No symbol) [0x0013D9B2]
	(No symbol) [0x0013D668]
	(No symbol) [0x0013E86A]
	(No symbol) [0x0013E6BC]
	(No symbol) [0x00137DD6]
	(No symbol) [0x001131F6]
	(No symbol) [0x0011439D]
	GetHandleVerifier [0x00570716+3229462]
	GetHandleVerifier [0x005B84C8+3523784]
	GetHandleVerifier [0x005B214C+3498316]
	GetHandleVerifier [0x002F1680+611968]
	(No symbol) [0x001FCCCC]
	(No symbol) [0x001F8DF8]
	(No symbol) [0x001F8F1D]
	(No symbol) [0x001EB2C7]
	BaseThreadInitThunk [0x755C7BA9+25]
	RtlInitializeExceptionChain [0x76FBBD2B+107]
	RtlClearBits [0x76FBBCAF+191]
	(No symbol) [0x00000000]


2023-11-24 08:09:32,409 -  ！！！！！！！！！！！！！！！！！！！！！！！！！！！！！！！！！！！！！！！！！！！！！！！！！！！！！！！！！！！！！！！！！！！！！！！！！！！！！！！！！！！！！！！！
2023-11-24 08:09:34,968 -  Traceback (most recent call last):
  File "C:\Users\78381\Desktop\夕慕鋼圓埃\newblcuLib\reserve.py", line 376, in main
    quitTry=AutoLockDesk(userConfig)
  File "C:\Users\78381\Desktop\夕慕鋼圓埃\newblcuLib\reserve.py", line 226, in AutoLockDesk
    session,cookies,token,accNo=loginReturnSession(userConfig['username'],userConfig['password'])
  File "C:\Users\78381\Desktop\夕慕鋼圓埃\newblcuLib\reserve.py", line 34, in loginReturnSession
    driver = webdriver.Edge(options=options,service=s)
  File "C:\Users\78381\anaconda3\lib\site-packages\selenium\webdriver\edge\webdriver.py", line 45, in __init__
    super().__init__(
  File "C:\Users\78381\anaconda3\lib\site-packages\selenium\webdriver\chromium\webdriver.py", line 56, in __init__
    super().__init__(
  File "C:\Users\78381\anaconda3\lib\site-packages\selenium\webdriver\remote\webdriver.py", line 208, in __init__
    self.start_session(capabilities)
  File "C:\Users\78381\anaconda3\lib\site-packages\selenium\webdriver\remote\webdriver.py", line 292, in start_session
    response = self.execute(Command.NEW_SESSION, caps)["value"]
  File "C:\Users\78381\anaconda3\lib\site-packages\selenium\webdriver\remote\webdriver.py", line 347, in execute
    self.error_handler.check_response(response)
  File "C:\Users\78381\anaconda3\lib\site-packages\selenium\webdriver\remote\errorhandler.py", line 229, in check_response
    raise exception_class(message, screen, stacktrace)
selenium.common.exceptions.InvalidArgumentException: Message: invalid argument: cannot parse capability: goog:chromeOptions
from invalid argument: cannot parse mobileEmulation
from invalid argument: 'iPhone 12' must be a valid device
from unknown error: must be a valid device
Stacktrace:
	GetHandleVerifier [0x002672A3+45731]
	(No symbol) [0x001F2D51]
	(No symbol) [0x000E880D]
	(No symbol) [0x000E1B8A]
	(No symbol) [0x00109428]
	(No symbol) [0x0010725A]
	(No symbol) [0x001099F0]
	(No symbol) [0x00104B6E]
	(No symbol) [0x001099F0]
	(No symbol) [0x0010295F]
	(No symbol) [0x0013D9B2]
	(No symbol) [0x0013D668]
	(No symbol) [0x0013E86A]
	(No symbol) [0x0013E6BC]
	(No symbol) [0x00137DD6]
	(No symbol) [0x001131F6]
	(No symbol) [0x0011439D]
	GetHandleVerifier [0x00570716+3229462]
	GetHandleVerifier [0x005B84C8+3523784]
	GetHandleVerifier [0x005B214C+3498316]
	GetHandleVerifier [0x002F1680+611968]
	(No symbol) [0x001FCCCC]
	(No symbol) [0x001F8DF8]
	(No symbol) [0x001F8F1D]
	(No symbol) [0x001EB2C7]
	BaseThreadInitThunk [0x755C7BA9+25]
	RtlInitializeExceptionChain [0x76FBBD2B+107]
	RtlClearBits [0x76FBBCAF+191]
	(No symbol) [0x00000000]


2023-11-24 08:09:39,042 -  ！！！！！！！！！！！！！！！！！！！！！！！！！！！！！！！！！！！！！！！！！！！！！！！！！！！！！！！！！！！！！！！！！！！！！！！！！！！！！！！！！！！！！！！！
2023-11-24 08:09:41,601 -  Traceback (most recent call last):
  File "C:\Users\78381\Desktop\夕慕鋼圓埃\newblcuLib\reserve.py", line 376, in main
    quitTry=AutoLockDesk(userConfig)
  File "C:\Users\78381\Desktop\夕慕鋼圓埃\newblcuLib\reserve.py", line 226, in AutoLockDesk
    session,cookies,token,accNo=loginReturnSession(userConfig['username'],userConfig['password'])
  File "C:\Users\78381\Desktop\夕慕鋼圓埃\newblcuLib\reserve.py", line 34, in loginReturnSession
    driver = webdriver.Edge(options=options,service=s)
  File "C:\Users\78381\anaconda3\lib\site-packages\selenium\webdriver\edge\webdriver.py", line 45, in __init__
    super().__init__(
  File "C:\Users\78381\anaconda3\lib\site-packages\selenium\webdriver\chromium\webdriver.py", line 56, in __init__
    super().__init__(
  File "C:\Users\78381\anaconda3\lib\site-packages\selenium\webdriver\remote\webdriver.py", line 208, in __init__
    self.start_session(capabilities)
  File "C:\Users\78381\anaconda3\lib\site-packages\selenium\webdriver\remote\webdriver.py", line 292, in start_session
    response = self.execute(Command.NEW_SESSION, caps)["value"]
  File "C:\Users\78381\anaconda3\lib\site-packages\selenium\webdriver\remote\webdriver.py", line 347, in execute
    self.error_handler.check_response(response)
  File "C:\Users\78381\anaconda3\lib\site-packages\selenium\webdriver\remote\errorhandler.py", line 229, in check_response
    raise exception_class(message, screen, stacktrace)
selenium.common.exceptions.InvalidArgumentException: Message: invalid argument: cannot parse capability: goog:chromeOptions
from invalid argument: cannot parse mobileEmulation
from invalid argument: 'iPhone 12' must be a valid device
from unknown error: must be a valid device
Stacktrace:
	GetHandleVerifier [0x002672A3+45731]
	(No symbol) [0x001F2D51]
	(No symbol) [0x000E880D]
	(No symbol) [0x000E1B8A]
	(No symbol) [0x00109428]
	(No symbol) [0x0010725A]
	(No symbol) [0x001099F0]
	(No symbol) [0x00104B6E]
	(No symbol) [0x001099F0]
	(No symbol) [0x0010295F]
	(No symbol) [0x0013D9B2]
	(No symbol) [0x0013D668]
	(No symbol) [0x0013E86A]
	(No symbol) [0x0013E6BC]
	(No symbol) [0x00137DD6]
	(No symbol) [0x001131F6]
	(No symbol) [0x0011439D]
	GetHandleVerifier [0x00570716+3229462]
	GetHandleVerifier [0x005B84C8+3523784]
	GetHandleVerifier [0x005B214C+3498316]
	GetHandleVerifier [0x002F1680+611968]
	(No symbol) [0x001FCCCC]
	(No symbol) [0x001F8DF8]
	(No symbol) [0x001F8F1D]
	(No symbol) [0x001EB2C7]
	BaseThreadInitThunk [0x755C7BA9+25]
	RtlInitializeExceptionChain [0x76FBBD2B+107]
	RtlClearBits [0x76FBBCAF+191]
	(No symbol) [0x00000000]


2023-11-24 08:10:33,154 -  ！！！！！！！！！！！！！！！！！！！！！！！！！！！！！！！！！！！！！！！！！！！！！！！！！！！！！！！！！！！！！！！！！！！！！！！！！！！！！！！！！！！！！！！！
2023-11-24 08:10:41,215 -  Traceback (most recent call last):
  File "C:\Users\78381\Desktop\夕慕鋼圓埃\newblcuLib\reserve.py", line 376, in main
    quitTry=AutoLockDesk(userConfig)
  File "C:\Users\78381\Desktop\夕慕鋼圓埃\newblcuLib\reserve.py", line 226, in AutoLockDesk
    session,cookies,token,accNo=loginReturnSession(userConfig['username'],userConfig['password'])
  File "C:\Users\78381\Desktop\夕慕鋼圓埃\newblcuLib\reserve.py", line 38, in loginReturnSession
    username = WAIT.until(EC.presence_of_element_located((By.XPATH, '/html/body/div/div/div/div/div/div[2]/div[1]/div/div[1]/div[2]/input')))
  File "C:\Users\78381\anaconda3\lib\site-packages\selenium\webdriver\support\wait.py", line 101, in until
    raise TimeoutException(message, screen, stacktrace)
selenium.common.exceptions.TimeoutException: Message: 
Stacktrace:
	GetHandleVerifier [0x002672A3+45731]
	(No symbol) [0x001F2D51]
	(No symbol) [0x000E880D]
	(No symbol) [0x0011B940]
	(No symbol) [0x0011BE0B]
	(No symbol) [0x0014D1F2]
	(No symbol) [0x00138024]
	(No symbol) [0x0014B7A2]
	(No symbol) [0x00137DD6]
	(No symbol) [0x001131F6]
	(No symbol) [0x0011439D]
	GetHandleVerifier [0x00570716+3229462]
	GetHandleVerifier [0x005B84C8+3523784]
	GetHandleVerifier [0x005B214C+3498316]
	GetHandleVerifier [0x002F1680+611968]
	(No symbol) [0x001FCCCC]
	(No symbol) [0x001F8DF8]
	(No symbol) [0x001F8F1D]
	(No symbol) [0x001EB2C7]
	BaseThreadInitThunk [0x755C7BA9+25]
	RtlInitializeExceptionChain [0x76FBBD2B+107]
	RtlClearBits [0x76FBBCAF+191]
	(No symbol) [0x00000000]


2023-11-24 08:10:43,362 -  ！！！！！！！！！！！！！！！！！！！！！！！！！！！！！！！！！！！！！！！！！！！！！！！！！！！！！！！！！！！！！！！！！！！！！！！！！！！！！！！！！！！！！！！！
2023-11-24 08:10:51,334 -  Traceback (most recent call last):
  File "C:\Users\78381\Desktop\夕慕鋼圓埃\newblcuLib\reserve.py", line 376, in main
    quitTry=AutoLockDesk(userConfig)
  File "C:\Users\78381\Desktop\夕慕鋼圓埃\newblcuLib\reserve.py", line 226, in AutoLockDesk
    session,cookies,token,accNo=loginReturnSession(userConfig['username'],userConfig['password'])
  File "C:\Users\78381\Desktop\夕慕鋼圓埃\newblcuLib\reserve.py", line 38, in loginReturnSession
    username = WAIT.until(EC.presence_of_element_located((By.XPATH, '/html/body/div/div/div/div/div/div[2]/div[1]/div/div[1]/div[2]/input')))
  File "C:\Users\78381\anaconda3\lib\site-packages\selenium\webdriver\support\wait.py", line 101, in until
    raise TimeoutException(message, screen, stacktrace)
selenium.common.exceptions.TimeoutException: Message: 
Stacktrace:
	GetHandleVerifier [0x002672A3+45731]
	(No symbol) [0x001F2D51]
	(No symbol) [0x000E880D]
	(No symbol) [0x0011B940]
	(No symbol) [0x0011BE0B]
	(No symbol) [0x0014D1F2]
	(No symbol) [0x00138024]
	(No symbol) [0x0014B7A2]
	(No symbol) [0x00137DD6]
	(No symbol) [0x001131F6]
	(No symbol) [0x0011439D]
	GetHandleVerifier [0x00570716+3229462]
	GetHandleVerifier [0x005B84C8+3523784]
	GetHandleVerifier [0x005B214C+3498316]
	GetHandleVerifier [0x002F1680+611968]
	(No symbol) [0x001FCCCC]
	(No symbol) [0x001F8DF8]
	(No symbol) [0x001F8F1D]
	(No symbol) [0x001EB2C7]
	BaseThreadInitThunk [0x755C7BA9+25]
	RtlInitializeExceptionChain [0x76FBBD2B+107]
	RtlClearBits [0x76FBBCAF+191]
	(No symbol) [0x00000000]


2023-11-24 08:10:53,457 -  ！！！！！！！！！！！！！！！！！！！！！！！！！！！！！！！！！！！！！！！！！！！！！！！！！！！！！！！！！！！！！！！！！！！！！！！！！！！！！！！！！！！！！！！！
2023-11-24 08:11:01,401 -  Traceback (most recent call last):
  File "C:\Users\78381\Desktop\夕慕鋼圓埃\newblcuLib\reserve.py", line 376, in main
    quitTry=AutoLockDesk(userConfig)
  File "C:\Users\78381\Desktop\夕慕鋼圓埃\newblcuLib\reserve.py", line 226, in AutoLockDesk
    session,cookies,token,accNo=loginReturnSession(userConfig['username'],userConfig['password'])
  File "C:\Users\78381\Desktop\夕慕鋼圓埃\newblcuLib\reserve.py", line 38, in loginReturnSession
    username = WAIT.until(EC.presence_of_element_located((By.XPATH, '/html/body/div/div/div/div/div/div[2]/div[1]/div/div[1]/div[2]/input')))
  File "C:\Users\78381\anaconda3\lib\site-packages\selenium\webdriver\support\wait.py", line 101, in until
    raise TimeoutException(message, screen, stacktrace)
selenium.common.exceptions.TimeoutException: Message: 
Stacktrace:
	GetHandleVerifier [0x002672A3+45731]
	(No symbol) [0x001F2D51]
	(No symbol) [0x000E880D]
	(No symbol) [0x0011B940]
	(No symbol) [0x0011BE0B]
	(No symbol) [0x0014D1F2]
	(No symbol) [0x00138024]
	(No symbol) [0x0014B7A2]
	(No symbol) [0x00137DD6]
	(No symbol) [0x001131F6]
	(No symbol) [0x0011439D]
	GetHandleVerifier [0x00570716+3229462]
	GetHandleVerifier [0x005B84C8+3523784]
	GetHandleVerifier [0x005B214C+3498316]
	GetHandleVerifier [0x002F1680+611968]
	(No symbol) [0x001FCCCC]
	(No symbol) [0x001F8DF8]
	(No symbol) [0x001F8F1D]
	(No symbol) [0x001EB2C7]
	BaseThreadInitThunk [0x755C7BA9+25]
	RtlInitializeExceptionChain [0x76FBBD2B+107]
	RtlClearBits [0x76FBBCAF+191]
	(No symbol) [0x00000000]


2023-11-24 08:11:03,554 -  ！！！！！！！！！！！！！！！！！！！！！！！！！！！！！！！！！！！！！！！！！！！！！！！！！！！！！！！！！！！！！！！！！！！！！！！！！！！！！！！！！！！！！！！！
2023-11-24 08:11:11,593 -  Traceback (most recent call last):
  File "C:\Users\78381\Desktop\夕慕鋼圓埃\newblcuLib\reserve.py", line 376, in main
    quitTry=AutoLockDesk(userConfig)
  File "C:\Users\78381\Desktop\夕慕鋼圓埃\newblcuLib\reserve.py", line 226, in AutoLockDesk
    session,cookies,token,accNo=loginReturnSession(userConfig['username'],userConfig['password'])
  File "C:\Users\78381\Desktop\夕慕鋼圓埃\newblcuLib\reserve.py", line 38, in loginReturnSession
    username = WAIT.until(EC.presence_of_element_located((By.XPATH, '/html/body/div/div/div/div/div/div[2]/div[1]/div/div[1]/div[2]/input')))
  File "C:\Users\78381\anaconda3\lib\site-packages\selenium\webdriver\support\wait.py", line 101, in until
    raise TimeoutException(message, screen, stacktrace)
selenium.common.exceptions.TimeoutException: Message: 
Stacktrace:
	GetHandleVerifier [0x002672A3+45731]
	(No symbol) [0x001F2D51]
	(No symbol) [0x000E880D]
	(No symbol) [0x0011B940]
	(No symbol) [0x0011BE0B]
	(No symbol) [0x0014D1F2]
	(No symbol) [0x00138024]
	(No symbol) [0x0014B7A2]
	(No symbol) [0x00137DD6]
	(No symbol) [0x001131F6]
	(No symbol) [0x0011439D]
	GetHandleVerifier [0x00570716+3229462]
	GetHandleVerifier [0x005B84C8+3523784]
	GetHandleVerifier [0x005B214C+3498316]
	GetHandleVerifier [0x002F1680+611968]
	(No symbol) [0x001FCCCC]
	(No symbol) [0x001F8DF8]
	(No symbol) [0x001F8F1D]
	(No symbol) [0x001EB2C7]
	BaseThreadInitThunk [0x755C7BA9+25]
	RtlInitializeExceptionChain [0x76FBBD2B+107]
	RtlClearBits [0x76FBBCAF+191]
	(No symbol) [0x00000000]


2023-11-24 08:11:13,746 -  ！！！！！！！！！！！！！！！！！！！！！！！！！！！！！！！！！！！！！！！！！！！！！！！！！！！！！！！！！！！！！！！！！！！！！！！！！！！！！！！！！！！！！！！！
2023-11-24 08:15:03,897 -  ！！！！！！！！！！！！！！！！！！！！！！！！！！！！！！！！！！！！！！！！！！！！！！！！！！！！！！！！！！！！！！！！！！！！！！！！！！！！！！！！！！！！！！！！
2023-11-24 08:15:15,096 -  ‐圓埃彜蓑／: 圓埃嶄(隆欺禰欺扮寂)
2023-11-24 08:15:15,136 -  ‐圓埃佚連／: 匯蚊C曝 1C044 2023-11-24 09-05-00 2023-11-24 22-00-00 仔苜旬
2023-11-24 08:15:15,140 -   繍噐 2023-11-24 08:53:00 嶷仟圓埃...萩齢購液完笥(潤崩塰佩萩梓 Ctrl + c)...
2023-11-24 08:19:37,413 -   頁倦俶勣函厮嗤圓埃進(y) 倦(n)---n
2023-11-24 08:20:21,495 -  ！！！！！！！！！！！！！！！！！！！！！！！！！！！！！！！！！！！！！！！！！！！！！！！！！！！！！！！！！！！！！！！！！！！！！！！！！！！！！！！！！！！！！！！！
2023-11-24 08:20:29,300 -  Traceback (most recent call last):
  File "C:\Users\78381\Desktop\夕慕鋼圓埃\newblcuLib\reserve.py", line 379, in main
    quitTry=AutoLockDesk(userConfig)
  File "C:\Users\78381\Desktop\夕慕鋼圓埃\newblcuLib\reserve.py", line 229, in AutoLockDesk
    session,cookies,token,accNo=loginReturnSession(userConfig['username'],userConfig['password'])
  File "C:\Users\78381\Desktop\夕慕鋼圓埃\newblcuLib\reserve.py", line 40, in loginReturnSession
    username = WAIT.until(EC.presence_of_element_located((By.XPATH, '/html/body/div/div/div/div/div/div[2]/div[1]/div/div[1]/div[2]/input')))
  File "C:\Users\78381\anaconda3\lib\site-packages\selenium\webdriver\support\wait.py", line 101, in until
    raise TimeoutException(message, screen, stacktrace)
selenium.common.exceptions.TimeoutException: Message: 
Stacktrace:
	GetHandleVerifier [0x002672A3+45731]
	(No symbol) [0x001F2D51]
	(No symbol) [0x000E880D]
	(No symbol) [0x0011B940]
	(No symbol) [0x0011BE0B]
	(No symbol) [0x0014D1F2]
	(No symbol) [0x00138024]
	(No symbol) [0x0014B7A2]
	(No symbol) [0x00137DD6]
	(No symbol) [0x001131F6]
	(No symbol) [0x0011439D]
	GetHandleVerifier [0x00570716+3229462]
	GetHandleVerifier [0x005B84C8+3523784]
	GetHandleVerifier [0x005B214C+3498316]
	GetHandleVerifier [0x002F1680+611968]
	(No symbol) [0x001FCCCC]
	(No symbol) [0x001F8DF8]
	(No symbol) [0x001F8F1D]
	(No symbol) [0x001EB2C7]
	BaseThreadInitThunk [0x755C7BA9+25]
	RtlInitializeExceptionChain [0x76FBBD2B+107]
	RtlClearBits [0x76FBBCAF+191]
	(No symbol) [0x00000000]


2023-11-24 08:20:31,447 -  ！！！！！！！！！！！！！！！！！！！！！！！！！！！！！！！！！！！！！！！！！！！！！！！！！！！！！！！！！！！！！！！！！！！！！！！！！！！！！！！！！！！！！！！！
2023-11-24 08:20:56,508 -  ！！！！！！！！！！！！！！！！！！！！！！！！！！！！！！！！！！！！！！！！！！！！！！！！！！！！！！！！！！！！！！！！！！！！！！！！！！！！！！！！！！！！！！！！
2023-11-24 08:21:04,479 -  Traceback (most recent call last):
  File "C:\Users\78381\Desktop\夕慕鋼圓埃\newblcuLib\reserve.py", line 379, in main
    quitTry=AutoLockDesk(userConfig)
  File "C:\Users\78381\Desktop\夕慕鋼圓埃\newblcuLib\reserve.py", line 229, in AutoLockDesk
    session,cookies,token,accNo=loginReturnSession(userConfig['username'],userConfig['password'])
  File "C:\Users\78381\Desktop\夕慕鋼圓埃\newblcuLib\reserve.py", line 40, in loginReturnSession
    username = WAIT.until(EC.presence_of_element_located((By.XPATH, '/html/body/div/div/div/div/div/div[2]/div[1]/div/div[1]/div[2]/input')))
  File "C:\Users\78381\anaconda3\lib\site-packages\selenium\webdriver\support\wait.py", line 101, in until
    raise TimeoutException(message, screen, stacktrace)
selenium.common.exceptions.TimeoutException: Message: 
Stacktrace:
	GetHandleVerifier [0x002672A3+45731]
	(No symbol) [0x001F2D51]
	(No symbol) [0x000E880D]
	(No symbol) [0x0011B940]
	(No symbol) [0x0011BE0B]
	(No symbol) [0x0014D1F2]
	(No symbol) [0x00138024]
	(No symbol) [0x0014B7A2]
	(No symbol) [0x00137DD6]
	(No symbol) [0x001131F6]
	(No symbol) [0x0011439D]
	GetHandleVerifier [0x00570716+3229462]
	GetHandleVerifier [0x005B84C8+3523784]
	GetHandleVerifier [0x005B214C+3498316]
	GetHandleVerifier [0x002F1680+611968]
	(No symbol) [0x001FCCCC]
	(No symbol) [0x001F8DF8]
	(No symbol) [0x001F8F1D]
	(No symbol) [0x001EB2C7]
	BaseThreadInitThunk [0x755C7BA9+25]
	RtlInitializeExceptionChain [0x76FBBD2B+107]
	RtlClearBits [0x76FBBCAF+191]
	(No symbol) [0x00000000]


2023-11-24 08:21:06,652 -  ！！！！！！！！！！！！！！！！！！！！！！！！！！！！！！！！！！！！！！！！！！！！！！！！！！！！！！！！！！！！！！！！！！！！！！！！！！！！！！！！！！！！！！！！
2023-11-24 08:21:30,906 -  ！！！！！！！！！！！！！！！！！！！！！！！！！！！！！！！！！！！！！！！！！！！！！！！！！！！！！！！！！！！！！！！！！！！！！！！！！！！！！！！！！！！！！！！！
2023-11-24 08:21:38,994 -  Traceback (most recent call last):
  File "C:\Users\78381\Desktop\夕慕鋼圓埃\newblcuLib\reserve.py", line 379, in main
    quitTry=AutoLockDesk(userConfig)
  File "C:\Users\78381\Desktop\夕慕鋼圓埃\newblcuLib\reserve.py", line 229, in AutoLockDesk
    session,cookies,token,accNo=loginReturnSession(userConfig['username'],userConfig['password'])
  File "C:\Users\78381\Desktop\夕慕鋼圓埃\newblcuLib\reserve.py", line 40, in loginReturnSession
    username = WAIT.until(EC.presence_of_element_located((By.XPATH, '/html/body/div/div/div/div/div/div[2]/div[1]/div/div[1]/div[2]/input')))
  File "C:\Users\78381\anaconda3\lib\site-packages\selenium\webdriver\support\wait.py", line 101, in until
    raise TimeoutException(message, screen, stacktrace)
selenium.common.exceptions.TimeoutException: Message: 
Stacktrace:
	GetHandleVerifier [0x002672A3+45731]
	(No symbol) [0x001F2D51]
	(No symbol) [0x000E880D]
	(No symbol) [0x0011B940]
	(No symbol) [0x0011BE0B]
	(No symbol) [0x0014D1F2]
	(No symbol) [0x00138024]
	(No symbol) [0x0014B7A2]
	(No symbol) [0x00137DD6]
	(No symbol) [0x001131F6]
	(No symbol) [0x0011439D]
	GetHandleVerifier [0x00570716+3229462]
	GetHandleVerifier [0x005B84C8+3523784]
	GetHandleVerifier [0x005B214C+3498316]
	GetHandleVerifier [0x002F1680+611968]
	(No symbol) [0x001FCCCC]
	(No symbol) [0x001F8DF8]
	(No symbol) [0x001F8F1D]
	(No symbol) [0x001EB2C7]
	BaseThreadInitThunk [0x755C7BA9+25]
	RtlInitializeExceptionChain [0x76FBBD2B+107]
	RtlClearBits [0x76FBBCAF+191]
	(No symbol) [0x00000000]


2023-11-24 08:21:41,149 -  ！！！！！！！！！！！！！！！！！！！！！！！！！！！！！！！！！！！！！！！！！！！！！！！！！！！！！！！！！！！！！！！！！！！！！！！！！！！！！！！！！！！！！！！！
2023-11-24 08:21:58,037 -  ！！！！！！！！！！！！！！！！！！！！！！！！！！！！！！！！！！！！！！！！！！！！！！！！！！！！！！！！！！！！！！！！！！！！！！！！！！！！！！！！！！！！！！！！
2023-11-24 08:22:06,035 -  Traceback (most recent call last):
  File "C:\Users\78381\Desktop\夕慕鋼圓埃\newblcuLib\reserve.py", line 379, in main
    quitTry=AutoLockDesk(userConfig)
  File "C:\Users\78381\Desktop\夕慕鋼圓埃\newblcuLib\reserve.py", line 229, in AutoLockDesk
    session,cookies,token,accNo=loginReturnSession(userConfig['username'],userConfig['password'])
  File "C:\Users\78381\Desktop\夕慕鋼圓埃\newblcuLib\reserve.py", line 40, in loginReturnSession
    username = WAIT.until(EC.presence_of_element_located((By.XPATH, '/html/body/div/div/div/div/div/div[2]/div[1]/div/div[1]/div[2]/input')))
  File "C:\Users\78381\anaconda3\lib\site-packages\selenium\webdriver\support\wait.py", line 101, in until
    raise TimeoutException(message, screen, stacktrace)
selenium.common.exceptions.TimeoutException: Message: 
Stacktrace:
	GetHandleVerifier [0x002672A3+45731]
	(No symbol) [0x001F2D51]
	(No symbol) [0x000E880D]
	(No symbol) [0x0011B940]
	(No symbol) [0x0011BE0B]
	(No symbol) [0x0014D1F2]
	(No symbol) [0x00138024]
	(No symbol) [0x0014B7A2]
	(No symbol) [0x00137DD6]
	(No symbol) [0x001131F6]
	(No symbol) [0x0011439D]
	GetHandleVerifier [0x00570716+3229462]
	GetHandleVerifier [0x005B84C8+3523784]
	GetHandleVerifier [0x005B214C+3498316]
	GetHandleVerifier [0x002F1680+611968]
	(No symbol) [0x001FCCCC]
	(No symbol) [0x001F8DF8]
	(No symbol) [0x001F8F1D]
	(No symbol) [0x001EB2C7]
	BaseThreadInitThunk [0x755C7BA9+25]
	RtlInitializeExceptionChain [0x76FBBD2B+107]
	RtlClearBits [0x76FBBCAF+191]
	(No symbol) [0x00000000]


2023-11-24 08:22:07,142 -  ！！！！！！！！！！！！！！！！！！！！！！！！！！！！！！！！！！！！！！！！！！！！！！！！！！！！！！！！！！！！！！！！！！！！！！！！！！！！！！！！！！！！！！！！
2023-11-24 08:23:00,464 -  ！！！！！！！！！！！！！！！！！！！！！！！！！！！！！！！！！！！！！！！！！！！！！！！！！！！！！！！！！！！！！！！！！！！！！！！！！！！！！！！！！！！！！！！！
2023-11-24 08:23:08,238 -  Traceback (most recent call last):
  File "C:\Users\78381\Desktop\夕慕鋼圓埃\newblcuLib\reserve.py", line 380, in main
    quitTry=AutoLockDesk(userConfig)
  File "C:\Users\78381\Desktop\夕慕鋼圓埃\newblcuLib\reserve.py", line 230, in AutoLockDesk
    session,cookies,token,accNo=loginReturnSession(userConfig['username'],userConfig['password'])
  File "C:\Users\78381\Desktop\夕慕鋼圓埃\newblcuLib\reserve.py", line 40, in loginReturnSession
    username = WAIT.until(EC.presence_of_element_located((By.XPATH, '/html/body/div/div/div/div/div/div[2]/div[1]/div/div[1]/div[2]/input')))
  File "C:\Users\78381\anaconda3\lib\site-packages\selenium\webdriver\support\wait.py", line 101, in until
    raise TimeoutException(message, screen, stacktrace)
selenium.common.exceptions.TimeoutException: Message: 
Stacktrace:
	GetHandleVerifier [0x002672A3+45731]
	(No symbol) [0x001F2D51]
	(No symbol) [0x000E880D]
	(No symbol) [0x0011B940]
	(No symbol) [0x0011BE0B]
	(No symbol) [0x0014D1F2]
	(No symbol) [0x00138024]
	(No symbol) [0x0014B7A2]
	(No symbol) [0x00137DD6]
	(No symbol) [0x001131F6]
	(No symbol) [0x0011439D]
	GetHandleVerifier [0x00570716+3229462]
	GetHandleVerifier [0x005B84C8+3523784]
	GetHandleVerifier [0x005B214C+3498316]
	GetHandleVerifier [0x002F1680+611968]
	(No symbol) [0x001FCCCC]
	(No symbol) [0x001F8DF8]
	(No symbol) [0x001F8F1D]
	(No symbol) [0x001EB2C7]
	BaseThreadInitThunk [0x755C7BA9+25]
	RtlInitializeExceptionChain [0x76FBBD2B+107]
	RtlClearBits [0x76FBBCAF+191]
	(No symbol) [0x00000000]


2023-11-24 08:23:09,350 -  ！！！！！！！！！！！！！！！！！！！！！！！！！！！！！！！！！！！！！！！！！！！！！！！！！！！！！！！！！！！！！！！！！！！！！！！！！！！！！！！！！！！！！！！！
2023-11-24 08:26:01,803 -  ！！！！！！！！！！！！！！！！！！！！！！！！！！！！！！！！！！！！！！！！！！！！！！！！！！！！！！！！！！！！！！！！！！！！！！！！！！！！！！！！！！！！！！！！
2023-11-24 08:26:08,905 -  Traceback (most recent call last):
  File "C:\Users\78381\Desktop\夕慕鋼圓埃\newblcuLib\reserve.py", line 383, in main
    quitTry=AutoLockDesk(userConfig)
  File "C:\Users\78381\Desktop\夕慕鋼圓埃\newblcuLib\reserve.py", line 233, in AutoLockDesk
    session,cookies,token,accNo=loginReturnSession(userConfig['username'],userConfig['password'])
  File "C:\Users\78381\Desktop\夕慕鋼圓埃\newblcuLib\reserve.py", line 42, in loginReturnSession
    username = WAIT.until(EC.presence_of_element_located((By.XPATH, '/html/body/div/div/div/div/div/div[2]/div[1]/div/div[1]/div[2]/input')))
  File "C:\Users\78381\anaconda3\lib\site-packages\selenium\webdriver\support\wait.py", line 101, in until
    raise TimeoutException(message, screen, stacktrace)
selenium.common.exceptions.TimeoutException: Message: 
Stacktrace:
	GetHandleVerifier [0x002672A3+45731]
	(No symbol) [0x001F2D51]
	(No symbol) [0x000E880D]
	(No symbol) [0x0011B940]
	(No symbol) [0x0011BE0B]
	(No symbol) [0x0014D1F2]
	(No symbol) [0x00138024]
	(No symbol) [0x0014B7A2]
	(No symbol) [0x00137DD6]
	(No symbol) [0x001131F6]
	(No symbol) [0x0011439D]
	GetHandleVerifier [0x00570716+3229462]
	GetHandleVerifier [0x005B84C8+3523784]
	GetHandleVerifier [0x005B214C+3498316]
	GetHandleVerifier [0x002F1680+611968]
	(No symbol) [0x001FCCCC]
	(No symbol) [0x001F8DF8]
	(No symbol) [0x001F8F1D]
	(No symbol) [0x001EB2C7]
	BaseThreadInitThunk [0x755C7BA9+25]
	RtlInitializeExceptionChain [0x76FBBD2B+107]
	RtlClearBits [0x76FBBCAF+191]
	(No symbol) [0x00000000]


2023-11-24 08:26:11,039 -  ！！！！！！！！！！！！！！！！！！！！！！！！！！！！！！！！！！！！！！！！！！！！！！！！！！！！！！！！！！！！！！！！！！！！！！！！！！！！！！！！！！！！！！！！
2023-11-24 08:28:45,909 -  ！！！！！！！！！！！！！！！！！！！！！！！！！！！！！！！！！！！！！！！！！！！！！！！！！！！！！！！！！！！！！！！！！！！！！！！！！！！！！！！！！！！！！！！！
2023-11-24 08:28:50,097 -  Traceback (most recent call last):
  File "C:\Users\78381\Desktop\夕慕鋼圓埃\newblcuLib\reserve.py", line 383, in main
    quitTry=AutoLockDesk(userConfig)
  File "C:\Users\78381\Desktop\夕慕鋼圓埃\newblcuLib\reserve.py", line 233, in AutoLockDesk
    session,cookies,token,accNo=loginReturnSession(userConfig['username'],userConfig['password'])
  File "C:\Users\78381\Desktop\夕慕鋼圓埃\newblcuLib\reserve.py", line 42, in loginReturnSession
    username = WAIT.until(EC.presence_of_element_located((By.XPATH, '/html/body/div/div/div/div/div/div[2]/div[1]/div/div[1]/div[2]/input')))
  File "C:\Users\78381\anaconda3\lib\site-packages\selenium\webdriver\support\wait.py", line 92, in until
    value = method(self._driver)
  File "C:\Users\78381\anaconda3\lib\site-packages\selenium\webdriver\support\expected_conditions.py", line 80, in _predicate
    return driver.find_element(*locator)
  File "C:\Users\78381\anaconda3\lib\site-packages\selenium\webdriver\remote\webdriver.py", line 741, in find_element
    return self.execute(Command.FIND_ELEMENT, {"using": by, "value": value})["value"]
  File "C:\Users\78381\anaconda3\lib\site-packages\selenium\webdriver\remote\webdriver.py", line 347, in execute
    self.error_handler.check_response(response)
  File "C:\Users\78381\anaconda3\lib\site-packages\selenium\webdriver\remote\errorhandler.py", line 229, in check_response
    raise exception_class(message, screen, stacktrace)
selenium.common.exceptions.NoSuchWindowException: Message: no such window: target window already closed
from unknown error: web view not found
  (Session info: chrome=119.0.6045.160)
Stacktrace:
	GetHandleVerifier [0x002672A3+45731]
	(No symbol) [0x001F2D51]
	(No symbol) [0x000E880D]
	(No symbol) [0x000CF75E]
	(No symbol) [0x0013C11B]
	(No symbol) [0x0014B2D3]
	(No symbol) [0x00137DD6]
	(No symbol) [0x001131F6]
	(No symbol) [0x0011439D]
	GetHandleVerifier [0x00570716+3229462]
	GetHandleVerifier [0x005B84C8+3523784]
	GetHandleVerifier [0x005B214C+3498316]
	GetHandleVerifier [0x002F1680+611968]
	(No symbol) [0x001FCCCC]
	(No symbol) [0x001F8DF8]
	(No symbol) [0x001F8F1D]
	(No symbol) [0x001EB2C7]
	BaseThreadInitThunk [0x755C7BA9+25]
	RtlInitializeExceptionChain [0x76FBBD2B+107]
	RtlClearBits [0x76FBBCAF+191]
	(No symbol) [0x00000000]


2023-11-24 08:28:52,159 -  ！！！！！！！！！！！！！！！！！！！！！！！！！！！！！！！！！！！！！！！！！！！！！！！！！！！！！！！！！！！！！！！！！！！！！！！！！！！！！！！！！！！！！！！！
2023-11-24 08:29:48,063 -  ！！！！！！！！！！！！！！！！！！！！！！！！！！！！！！！！！！！！！！！！！！！！！！！！！！！！！！！！！！！！！！！！！！！！！！！！！！！！！！！！！！！！！！！！
2023-11-24 08:29:56,177 -  Traceback (most recent call last):
  File "C:\Users\78381\Desktop\夕慕鋼圓埃\newblcuLib\reserve.py", line 383, in main
    quitTry=AutoLockDesk(userConfig)
  File "C:\Users\78381\Desktop\夕慕鋼圓埃\newblcuLib\reserve.py", line 233, in AutoLockDesk
    session,cookies,token,accNo=loginReturnSession(userConfig['username'],userConfig['password'])
  File "C:\Users\78381\Desktop\夕慕鋼圓埃\newblcuLib\reserve.py", line 42, in loginReturnSession
    username = WAIT.until(EC.presence_of_element_located((By.XPATH, '/html/body/div/div/div/div/div/div[2]/div[1]/div/div[1]/div[2]/input')))
  File "C:\Users\78381\anaconda3\lib\site-packages\selenium\webdriver\support\wait.py", line 101, in until
    raise TimeoutException(message, screen, stacktrace)
selenium.common.exceptions.TimeoutException: Message: 
Stacktrace:
	GetHandleVerifier [0x002672A3+45731]
	(No symbol) [0x001F2D51]
	(No symbol) [0x000E880D]
	(No symbol) [0x0011B940]
	(No symbol) [0x0011BE0B]
	(No symbol) [0x0014D1F2]
	(No symbol) [0x00138024]
	(No symbol) [0x0014B7A2]
	(No symbol) [0x00137DD6]
	(No symbol) [0x001131F6]
	(No symbol) [0x0011439D]
	GetHandleVerifier [0x00570716+3229462]
	GetHandleVerifier [0x005B84C8+3523784]
	GetHandleVerifier [0x005B214C+3498316]
	GetHandleVerifier [0x002F1680+611968]
	(No symbol) [0x001FCCCC]
	(No symbol) [0x001F8DF8]
	(No symbol) [0x001F8F1D]
	(No symbol) [0x001EB2C7]
	BaseThreadInitThunk [0x755C7BA9+25]
	RtlInitializeExceptionChain [0x76FBBD2B+107]
	RtlClearBits [0x76FBBCAF+191]
	(No symbol) [0x00000000]


2023-11-24 08:29:58,351 -  ！！！！！！！！！！！！！！！！！！！！！！！！！！！！！！！！！！！！！！！！！！！！！！！！！！！！！！！！！！！！！！！！！！！！！！！！！！！！！！！！！！！！！！！！
2023-11-24 08:30:14,844 -  ！！！！！！！！！！！！！！！！！！！！！！！！！！！！！！！！！！！！！！！！！！！！！！！！！！！！！！！！！！！！！！！！！！！！！！！！！！！！！！！！！！！！！！！！
2023-11-24 08:30:22,856 -  Traceback (most recent call last):
  File "C:\Users\78381\Desktop\夕慕鋼圓埃\newblcuLib\reserve.py", line 383, in main
    quitTry=AutoLockDesk(userConfig)
  File "C:\Users\78381\Desktop\夕慕鋼圓埃\newblcuLib\reserve.py", line 233, in AutoLockDesk
    session,cookies,token,accNo=loginReturnSession(userConfig['username'],userConfig['password'])
  File "C:\Users\78381\Desktop\夕慕鋼圓埃\newblcuLib\reserve.py", line 42, in loginReturnSession
    username = WAIT.until(EC.presence_of_element_located((By.XPATH, '/html/body/div/div/div/div/div/div[2]/div[1]/div/div[1]/div[2]/input')))
  File "C:\Users\78381\anaconda3\lib\site-packages\selenium\webdriver\support\wait.py", line 101, in until
    raise TimeoutException(message, screen, stacktrace)
selenium.common.exceptions.TimeoutException: Message: 
Stacktrace:
	GetHandleVerifier [0x002672A3+45731]
	(No symbol) [0x001F2D51]
	(No symbol) [0x000E880D]
	(No symbol) [0x0011B940]
	(No symbol) [0x0011BE0B]
	(No symbol) [0x0014D1F2]
	(No symbol) [0x00138024]
	(No symbol) [0x0014B7A2]
	(No symbol) [0x00137DD6]
	(No symbol) [0x001131F6]
	(No symbol) [0x0011439D]
	GetHandleVerifier [0x00570716+3229462]
	GetHandleVerifier [0x005B84C8+3523784]
	GetHandleVerifier [0x005B214C+3498316]
	GetHandleVerifier [0x002F1680+611968]
	(No symbol) [0x001FCCCC]
	(No symbol) [0x001F8DF8]
	(No symbol) [0x001F8F1D]
	(No symbol) [0x001EB2C7]
	BaseThreadInitThunk [0x755C7BA9+25]
	RtlInitializeExceptionChain [0x76FBBD2B+107]
	RtlClearBits [0x76FBBCAF+191]
	(No symbol) [0x00000000]


2023-11-24 08:30:24,884 -  ！！！！！！！！！！！！！！！！！！！！！！！！！！！！！！！！！！！！！！！！！！！！！！！！！！！！！！！！！！！！！！！！！！！！！！！！！！！！！！！！！！！！！！！！
2023-11-24 08:30:28,833 -  Traceback (most recent call last):
  File "C:\Users\78381\Desktop\夕慕鋼圓埃\newblcuLib\reserve.py", line 383, in main
    quitTry=AutoLockDesk(userConfig)
  File "C:\Users\78381\Desktop\夕慕鋼圓埃\newblcuLib\reserve.py", line 233, in AutoLockDesk
    session,cookies,token,accNo=loginReturnSession(userConfig['username'],userConfig['password'])
  File "C:\Users\78381\Desktop\夕慕鋼圓埃\newblcuLib\reserve.py", line 42, in loginReturnSession
    username = WAIT.until(EC.presence_of_element_located((By.XPATH, '/html/body/div/div/div/div/div/div[2]/div[1]/div/div[1]/div[2]/input')))
  File "C:\Users\78381\anaconda3\lib\site-packages\selenium\webdriver\support\wait.py", line 92, in until
    value = method(self._driver)
  File "C:\Users\78381\anaconda3\lib\site-packages\selenium\webdriver\support\expected_conditions.py", line 80, in _predicate
    return driver.find_element(*locator)
  File "C:\Users\78381\anaconda3\lib\site-packages\selenium\webdriver\remote\webdriver.py", line 741, in find_element
    return self.execute(Command.FIND_ELEMENT, {"using": by, "value": value})["value"]
  File "C:\Users\78381\anaconda3\lib\site-packages\selenium\webdriver\remote\webdriver.py", line 347, in execute
    self.error_handler.check_response(response)
  File "C:\Users\78381\anaconda3\lib\site-packages\selenium\webdriver\remote\errorhandler.py", line 229, in check_response
    raise exception_class(message, screen, stacktrace)
selenium.common.exceptions.NoSuchWindowException: Message: no such window: target window already closed
from unknown error: web view not found
  (Session info: chrome=119.0.6045.160)
Stacktrace:
	GetHandleVerifier [0x002672A3+45731]
	(No symbol) [0x001F2D51]
	(No symbol) [0x000E880D]
	(No symbol) [0x000CF75E]
	(No symbol) [0x0013C11B]
	(No symbol) [0x0014B2D3]
	(No symbol) [0x00137DD6]
	(No symbol) [0x001131F6]
	(No symbol) [0x0011439D]
	GetHandleVerifier [0x00570716+3229462]
	GetHandleVerifier [0x005B84C8+3523784]
	GetHandleVerifier [0x005B214C+3498316]
	GetHandleVerifier [0x002F1680+611968]
	(No symbol) [0x001FCCCC]
	(No symbol) [0x001F8DF8]
	(No symbol) [0x001F8F1D]
	(No symbol) [0x001EB2C7]
	BaseThreadInitThunk [0x755C7BA9+25]
	RtlInitializeExceptionChain [0x76FBBD2B+107]
	RtlClearBits [0x76FBBCAF+191]
	(No symbol) [0x00000000]


2023-11-24 08:30:30,900 -  ！！！！！！！！！！！！！！！！！！！！！！！！！！！！！！！！！！！！！！！！！！！！！！！！！！！！！！！！！！！！！！！！！！！！！！！！！！！！！！！！！！！！！！！！
2023-11-24 08:32:19,740 -  ！！！！！！！！！！！！！！！！！！！！！！！！！！！！！！！！！！！！！！！！！！！！！！！！！！！！！！！！！！！！！！！！！！！！！！！！！！！！！！！！！！！！！！！！
2023-11-24 08:32:26,292 -  ‐圓埃彜蓑／: 圓埃嶄(隆欺禰欺扮寂)
2023-11-24 08:32:26,334 -  ‐圓埃佚連／: 匯蚊C曝 1C044 2023-11-24 09-05-00 2023-11-24 22-00-00 仔苜旬
2023-11-24 08:32:26,339 -   繍噐 2023-11-24 08:53:00 嶷仟圓埃...萩齢購液完笥(潤崩塰佩萩梓 Ctrl + c)...
2023-11-24 08:39:19,245 -   頁倦俶勣函厮嗤圓埃進(y) 倦(n)---n
2023-11-24 08:39:20,822 -  ！！！！！！！！！！！！！！！！！！！！！！！！！！！！！！！！！！！！！！！！！！！！！！！！！！！！！！！！！！！！！！！！！！！！！！！！！！！！！！！！！！！！！！！！
2023-11-24 08:39:23,848 -  Traceback (most recent call last):
  File "C:\Users\78381\Desktop\夕慕鋼圓埃\newblcuLib\reserve.py", line 382, in main
    quitTry=AutoLockDesk(userConfig)
  File "C:\Users\78381\Desktop\夕慕鋼圓埃\newblcuLib\reserve.py", line 232, in AutoLockDesk
    session,cookies,token,accNo=loginReturnSession(userConfig['username'],userConfig['password'])
  File "C:\Users\78381\Desktop\夕慕鋼圓埃\newblcuLib\reserve.py", line 43, in loginReturnSession
    ActionChains(driver).move_to_element(driver.find_element_by_xpath('/html/body/div/div/div/div/div/div[1]/div/div[1]')).click().perform()
AttributeError: 'WebDriver' object has no attribute 'find_element_by_xpath'

2023-11-24 08:39:26,943 -  ！！！！！！！！！！！！！！！！！！！！！！！！！！！！！！！！！！！！！！！！！！！！！！！！！！！！！！！！！！！！！！！！！！！！！！！！！！！！！！！！！！！！！！！！
2023-11-24 08:41:21,004 -  ！！！！！！！！！！！！！！！！！！！！！！！！！！！！！！！！！！！！！！！！！！！！！！！！！！！！！！！！！！！！！！！！！！！！！！！！！！！！！！！！！！！！！！！！
2023-11-24 08:41:32,087 -  Traceback (most recent call last):
  File "C:\Users\78381\Desktop\夕慕鋼圓埃\newblcuLib\reserve.py", line 385, in main
    quitTry=AutoLockDesk(userConfig)
  File "C:\Users\78381\Desktop\夕慕鋼圓埃\newblcuLib\reserve.py", line 235, in AutoLockDesk
    session,cookies,token,accNo=loginReturnSession(userConfig['username'],userConfig['password'])
  File "C:\Users\78381\Desktop\夕慕鋼圓埃\newblcuLib\reserve.py", line 49, in loginReturnSession
    submit = WAIT.until(EC.element_to_be_clickable((By.XPATH, '/html/body/div/div/div/div/div/div[2]/div[2]/button')))
  File "C:\Users\78381\anaconda3\lib\site-packages\selenium\webdriver\support\wait.py", line 101, in until
    raise TimeoutException(message, screen, stacktrace)
selenium.common.exceptions.TimeoutException: Message: 


2023-11-24 08:41:34,155 -  ！！！！！！！！！！！！！！！！！！！！！！！！！！！！！！！！！！！！！！！！！！！！！！！！！！！！！！！！！！！！！！！！！！！！！！！！！！！！！！！！！！！！！！！！
2023-11-24 08:43:09,381 -  ！！！！！！！！！！！！！！！！！！！！！！！！！！！！！！！！！！！！！！！！！！！！！！！！！！！！！！！！！！！！！！！！！！！！！！！！！！！！！！！！！！！！！！！！
2023-11-24 08:43:16,294 -  ‐圓埃彜蓑／: 圓埃嶄(隆欺禰欺扮寂)
2023-11-24 08:43:16,329 -  ‐圓埃佚連／: 匯蚊C曝 1C044 2023-11-24 09-05-00 2023-11-24 22-00-00 仔苜旬
2023-11-24 08:43:16,333 -   繍噐 2023-11-24 08:53:00 嶷仟圓埃...萩齢購液完笥(潤崩塰佩萩梓 Ctrl + c)...
2023-11-24 08:43:40,641 -   頁倦俶勣函厮嗤圓埃進(y) 倦(n)---n
