2023-11-19 15:09:07,749 -  ！！！！！！！！！！！！！！！！！！！！！！！！！！！！！！！！！！！！！！！！！！！！！！！！！！！！！！！！！！！！！！！！！！！！！！！！！！！！！！！！！！！！！！！！
2023-11-19 15:09:18,151 -  Traceback (most recent call last):
  File "C:\Users\78381\Desktop\夕慕鋼圓埃\newblcuLib\reserve.py", line 501, in main
    AutoLockDesk(userConfig)
  File "C:\Users\78381\Desktop\夕慕鋼圓埃\newblcuLib\reserve.py", line 355, in AutoLockDesk
    session,cookies,token,accNo=loginReturnSession(userConfig['username'],userConfig['password'])
  File "C:\Users\78381\Desktop\夕慕鋼圓埃\newblcuLib\reserve.py", line 149, in loginReturnSession
    username = WAIT.until(EC.presence_of_element_located((By.XPATH, '/html/body/div/div/div/div/div/div[2]/div[1]/div/div[1]/div[2]/input')))
  File "C:\Users\78381\anaconda3\lib\site-packages\selenium\webdriver\support\wait.py", line 101, in until
    raise TimeoutException(message, screen, stacktrace)
selenium.common.exceptions.TimeoutException: Message: 
Stacktrace:
	GetHandleVerifier [0x00E172A3+45731]
	(No symbol) [0x00DA2D51]
	(No symbol) [0x00C9880D]
	(No symbol) [0x00CCB940]
	(No symbol) [0x00CCBE0B]
	(No symbol) [0x00CFD1F2]
	(No symbol) [0x00CE8024]
	(No symbol) [0x00CFB7A2]
	(No symbol) [0x00CE7DD6]
	(No symbol) [0x00CC31F6]
	(No symbol) [0x00CC439D]
	GetHandleVerifier [0x01120716+3229462]
	GetHandleVerifier [0x011684C8+3523784]
	GetHandleVerifier [0x0116214C+3498316]
	GetHandleVerifier [0x00EA1680+611968]
	(No symbol) [0x00DACCCC]
	(No symbol) [0x00DA8DF8]
	(No symbol) [0x00DA8F1D]
	(No symbol) [0x00D9B2C7]
	BaseThreadInitThunk [0x75627BA9+25]
	RtlInitializeExceptionChain [0x7742BD2B+107]
	RtlClearBits [0x7742BCAF+191]


2023-11-19 15:09:20,209 -  ！！！！！！！！！！！！！！！！！！！！！！！！！！！！！！！！！！！！！！！！！！！！！！！！！！！！！！！！！！！！！！！！！！！！！！！！！！！！！！！！！！！！！！！！
2023-11-19 15:09:30,208 -  Traceback (most recent call last):
  File "C:\Users\78381\Desktop\夕慕鋼圓埃\newblcuLib\reserve.py", line 501, in main
    AutoLockDesk(userConfig)
  File "C:\Users\78381\Desktop\夕慕鋼圓埃\newblcuLib\reserve.py", line 355, in AutoLockDesk
    session,cookies,token,accNo=loginReturnSession(userConfig['username'],userConfig['password'])
  File "C:\Users\78381\Desktop\夕慕鋼圓埃\newblcuLib\reserve.py", line 149, in loginReturnSession
    username = WAIT.until(EC.presence_of_element_located((By.XPATH, '/html/body/div/div/div/div/div/div[2]/div[1]/div/div[1]/div[2]/input')))
  File "C:\Users\78381\anaconda3\lib\site-packages\selenium\webdriver\support\wait.py", line 101, in until
    raise TimeoutException(message, screen, stacktrace)
selenium.common.exceptions.TimeoutException: Message: 
Stacktrace:
	GetHandleVerifier [0x00E172A3+45731]
	(No symbol) [0x00DA2D51]
	(No symbol) [0x00C9880D]
	(No symbol) [0x00CCB940]
	(No symbol) [0x00CCBE0B]
	(No symbol) [0x00CFD1F2]
	(No symbol) [0x00CE8024]
	(No symbol) [0x00CFB7A2]
	(No symbol) [0x00CE7DD6]
	(No symbol) [0x00CC31F6]
	(No symbol) [0x00CC439D]
	GetHandleVerifier [0x01120716+3229462]
	GetHandleVerifier [0x011684C8+3523784]
	GetHandleVerifier [0x0116214C+3498316]
	GetHandleVerifier [0x00EA1680+611968]
	(No symbol) [0x00DACCCC]
	(No symbol) [0x00DA8DF8]
	(No symbol) [0x00DA8F1D]
	(No symbol) [0x00D9B2C7]
	BaseThreadInitThunk [0x75627BA9+25]
	RtlInitializeExceptionChain [0x7742BD2B+107]
	RtlClearBits [0x7742BCAF+191]


2023-11-19 15:09:32,246 -  ！！！！！！！！！！！！！！！！！！！！！！！！！！！！！！！！！！！！！！！！！！！！！！！！！！！！！！！！！！！！！！！！！！！！！！！！！！！！！！！！！！！！！！！！
2023-11-19 15:09:42,218 -  Traceback (most recent call last):
  File "C:\Users\78381\Desktop\夕慕鋼圓埃\newblcuLib\reserve.py", line 501, in main
    AutoLockDesk(userConfig)
  File "C:\Users\78381\Desktop\夕慕鋼圓埃\newblcuLib\reserve.py", line 355, in AutoLockDesk
    session,cookies,token,accNo=loginReturnSession(userConfig['username'],userConfig['password'])
  File "C:\Users\78381\Desktop\夕慕鋼圓埃\newblcuLib\reserve.py", line 149, in loginReturnSession
    username = WAIT.until(EC.presence_of_element_located((By.XPATH, '/html/body/div/div/div/div/div/div[2]/div[1]/div/div[1]/div[2]/input')))
  File "C:\Users\78381\anaconda3\lib\site-packages\selenium\webdriver\support\wait.py", line 101, in until
    raise TimeoutException(message, screen, stacktrace)
selenium.common.exceptions.TimeoutException: Message: 
Stacktrace:
	GetHandleVerifier [0x00E172A3+45731]
	(No symbol) [0x00DA2D51]
	(No symbol) [0x00C9880D]
	(No symbol) [0x00CCB940]
	(No symbol) [0x00CCBE0B]
	(No symbol) [0x00CFD1F2]
	(No symbol) [0x00CE8024]
	(No symbol) [0x00CFB7A2]
	(No symbol) [0x00CE7DD6]
	(No symbol) [0x00CC31F6]
	(No symbol) [0x00CC439D]
	GetHandleVerifier [0x01120716+3229462]
	GetHandleVerifier [0x011684C8+3523784]
	GetHandleVerifier [0x0116214C+3498316]
	GetHandleVerifier [0x00EA1680+611968]
	(No symbol) [0x00DACCCC]
	(No symbol) [0x00DA8DF8]
	(No symbol) [0x00DA8F1D]
	(No symbol) [0x00D9B2C7]
	BaseThreadInitThunk [0x75627BA9+25]
	RtlInitializeExceptionChain [0x7742BD2B+107]
	RtlClearBits [0x7742BCAF+191]


2023-11-19 15:09:44,260 -  ！！！！！！！！！！！！！！！！！！！！！！！！！！！！！！！！！！！！！！！！！！！！！！！！！！！！！！！！！！！！！！！！！！！！！！！！！！！！！！！！！！！！！！！！
2023-11-19 15:09:54,443 -  Traceback (most recent call last):
  File "C:\Users\78381\Desktop\夕慕鋼圓埃\newblcuLib\reserve.py", line 501, in main
    AutoLockDesk(userConfig)
  File "C:\Users\78381\Desktop\夕慕鋼圓埃\newblcuLib\reserve.py", line 355, in AutoLockDesk
    session,cookies,token,accNo=loginReturnSession(userConfig['username'],userConfig['password'])
  File "C:\Users\78381\Desktop\夕慕鋼圓埃\newblcuLib\reserve.py", line 149, in loginReturnSession
    username = WAIT.until(EC.presence_of_element_located((By.XPATH, '/html/body/div/div/div/div/div/div[2]/div[1]/div/div[1]/div[2]/input')))
  File "C:\Users\78381\anaconda3\lib\site-packages\selenium\webdriver\support\wait.py", line 101, in until
    raise TimeoutException(message, screen, stacktrace)
selenium.common.exceptions.TimeoutException: Message: 
Stacktrace:
	GetHandleVerifier [0x00E172A3+45731]
	(No symbol) [0x00DA2D51]
	(No symbol) [0x00C9880D]
	(No symbol) [0x00CCB940]
	(No symbol) [0x00CCBE0B]
	(No symbol) [0x00CFD1F2]
	(No symbol) [0x00CE8024]
	(No symbol) [0x00CFB7A2]
	(No symbol) [0x00CE7DD6]
	(No symbol) [0x00CC31F6]
	(No symbol) [0x00CC439D]
	GetHandleVerifier [0x01120716+3229462]
	GetHandleVerifier [0x011684C8+3523784]
	GetHandleVerifier [0x0116214C+3498316]
	GetHandleVerifier [0x00EA1680+611968]
	(No symbol) [0x00DACCCC]
	(No symbol) [0x00DA8DF8]
	(No symbol) [0x00DA8F1D]
	(No symbol) [0x00D9B2C7]
	BaseThreadInitThunk [0x75627BA9+25]
	RtlInitializeExceptionChain [0x7742BD2B+107]
	RtlClearBits [0x7742BCAF+191]


2023-11-19 15:10:57,165 -  ！！！！！！！！！！！！！！！！！！！！！！！！！！！！！！！！！！！！！！！！！！！！！！！！！！！！！！！！！！！！！！！！！！！！！！！！！！！！！！！！！！！！！！！！
2023-11-19 15:11:03,870 -  ‐圓埃彜蓑／: 圓埃嶄(隆欺禰欺扮寂)
2023-11-19 15:11:03,913 -  ‐圓埃佚連／: 匯蚊C曝 1C044 2023-11-19 15-50-00 2023-11-19 22-00-00 桔萠
2023-11-19 15:11:03,917 -   繍噐 2023-11-19 15:38:00 嶷仟圓埃...萩齢購液完笥(潤崩塰佩萩梓 Ctrl + c)...
2023-11-19 15:11:14,083 -  ！！！！！！！！！！！！！！！！！！！！！！！！！！！！！！！！！！！！！！！！！！！！！！！！！！！！！！！！！！！！！！！！！！！！！！！！！！！！！！！！！！！！！！！！
2023-11-19 15:11:20,732 -  ‐圓埃彜蓑／: 圓埃嶄(隆欺禰欺扮寂)
2023-11-19 15:11:20,757 -  ‐圓埃佚連／: 匯蚊C曝 1C044 2023-11-19 15-50-00 2023-11-19 22-00-00 桔萠
2023-11-19 15:11:20,757 -   繍噐 2023-11-19 15:38:00 嶷仟圓埃...萩齢購液完笥(潤崩塰佩萩梓 Ctrl + c)...
